# JRE version: Java(TM) SE Runtime Environment (8.0_92-b14) (build 1.8.0_92-b14)
# Java VM: Java HotSpot(TM) Client VM (25.92-b14 mixed mode windows-x86 )
Heap:
 def new generation   total 39424K, used 25308K [0x05400000, 0x07ec0000, 0x0fea0000)
  eden space 35072K,  68% used [0x05400000, 0x06b6c7f8, 0x07640000)
  from space 4352K,  30% used [0x07a80000, 0x07bca968, 0x07ec0000)
  to   space 4352K,   0% used [0x07640000, 0x07640000, 0x07a80000)
 tenured generation   total 87424K, used 59339K [0x0fea0000, 0x15400000, 0x25400000)
   the space 87424K,  67% used [0x0fea0000, 0x13892fa8, 0x13893000, 0x15400000)
 Metaspace       used 18652K, capacity 19118K, committed 19200K, reserved 19840K
GC Heap History (10 events):
Event: 12716.345 GC heap before
{Heap before GC invocations=11 (full 1):
 def new generation   total 39424K, used 37234K [0x05400000, 0x07ec0000, 0x0fea0000)
  eden space 35072K, 100% used [0x05400000, 0x07640000, 0x07640000)
  from space 4352K,  49% used [0x07640000, 0x0785cae8, 0x07a80000)
  to   space 4352K,   0% used [0x07a80000, 0x07a80000, 0x07ec0000)
 tenured generation   total 87424K, used 57802K [0x0fea0000, 0x15400000, 0x25400000)
   the space 87424K,  66% used [0x0fea0000, 0x137128a8, 0x13712a00, 0x15400000)
 Metaspace       used 18615K, capacity 19079K, committed 19200K, reserved 19840K
Event: 12716.350 GC heap after
Heap after GC invocations=12 (full 1):
 def new generation   total 39424K, used 2206K [0x05400000, 0x07ec0000, 0x0fea0000)
  eden space 35072K,   0% used [0x05400000, 0x05400000, 0x07640000)
  from space 4352K,  50% used [0x07a80000, 0x07ca7bd8, 0x07ec0000)
  to   space 4352K,   0% used [0x07640000, 0x07640000, 0x07a80000)
 tenured generation   total 87424K, used 57802K [0x0fea0000, 0x15400000, 0x25400000)
   the space 87424K,  66% used [0x0fea0000, 0x137128a8, 0x13712a00, 0x15400000)
 Metaspace       used 18615K, capacity 19079K, committed 19200K, reserved 19840K
}
Event: 13198.904 GC heap before
{Heap before GC invocations=12 (full 1):
 def new generation   total 39424K, used 37278K [0x05400000, 0x07ec0000, 0x0fea0000)
  eden space 35072K, 100% used [0x05400000, 0x07640000, 0x07640000)
  from space 4352K,  50% used [0x07a80000, 0x07ca7bd8, 0x07ec0000)
  to   space 4352K,   0% used [0x07640000, 0x07640000, 0x07a80000)
 tenured generation   total 87424K, used 57802K [0x0fea0000, 0x15400000, 0x25400000)
   the space 87424K,  66% used [0x0fea0000, 0x137128a8, 0x13712a00, 0x15400000)
 Metaspace       used 18647K, capacity 19116K, committed 19200K, reserved 19840K
Event: 13198.912 GC heap after
Heap after GC invocations=13 (full 1):
 def new generation   total 39424K, used 1383K [0x05400000, 0x07ec0000, 0x0fea0000)
  eden space 35072K,   0% used [0x05400000, 0x05400000, 0x07640000)
  from space 4352K,  31% used [0x07640000, 0x07799c10, 0x07a80000)
  to   space 4352K,   0% used [0x07a80000, 0x07a80000, 0x07ec0000)
 tenured generation   total 87424K, used 59339K [0x0fea0000, 0x15400000, 0x25400000)
   the space 87424K,  67% used [0x0fea0000, 0x13892fa8, 0x13893000, 0x15400000)
 Metaspace       used 18647K, capacity 19116K, committed 19200K, reserved 19840K
}
Event: 46094.855 GC heap before
{Heap before GC invocations=13 (full 1):
 def new generation   total 39424K, used 25605K [0x05400000, 0x07ec0000, 0x0fea0000)
  eden space 35072K,  69% used [0x05400000, 0x06ba7a08, 0x07640000)
  from space 4352K,  31% used [0x07640000, 0x07799c10, 0x07a80000)
  to   space 4352K,   0% used [0x07a80000, 0x07a80000, 0x07ec0000)
 tenured generation   total 87424K, used 59339K [0x0fea0000, 0x15400000, 0x25400000)
   the space 87424K,  67% used [0x0fea0000, 0x13892fa8, 0x13893000, 0x15400000)
 Metaspace       used 18650K, capacity 19116K, committed 19200K, reserved 19840K
Event: 46094.858 GC heap after
Heap after GC invocations=14 (full 1):
 def new generation   total 39424K, used 1228K [0x05400000, 0x07ec0000, 0x0fea0000)
  eden space 35072K,   0% used [0x05400000, 0x05400000, 0x07640000)
  from space 4352K,  28% used [0x07a80000, 0x07bb3288, 0x07ec0000)
  to   space 4352K,   0% used [0x07640000, 0x07640000, 0x07a80000)
 tenured generation   total 87424K, used 59339K [0x0fea0000, 0x15400000, 0x25400000)
   the space 87424K,  67% used [0x0fea0000, 0x13892fa8, 0x13893000, 0x15400000)
 Metaspace       used 18650K, capacity 19116K, committed 19200K, reserved 19840K
}
Event: 46095.415 GC heap before
{Heap before GC invocations=14 (full 1):
 def new generation   total 39424K, used 32907K [0x05400000, 0x07ec0000, 0x0fea0000)
  eden space 35072K,  90% used [0x05400000, 0x072efba8, 0x07640000)
  from space 4352K,  28% used [0x07a80000, 0x07bb3288, 0x07ec0000)
  to   space 4352K,   0% used [0x07640000, 0x07640000, 0x07a80000)
 tenured generation   total 87424K, used 59339K [0x0fea0000, 0x15400000, 0x25400000)
   the space 87424K,  67% used [0x0fea0000, 0x13892fa8, 0x13893000, 0x15400000)
 Metaspace       used 18651K, capacity 19118K, committed 19200K, reserved 19840K
Event: 46095.417 GC heap after
Heap after GC invocations=15 (full 1):
 def new generation   total 39424K, used 1155K [0x05400000, 0x07ec0000, 0x0fea0000)
  eden space 35072K,   0% used [0x05400000, 0x05400000, 0x07640000)
  from space 4352K,  26% used [0x07640000, 0x07760e80, 0x07a80000)
  to   space 4352K,   0% used [0x07a80000, 0x07a80000, 0x07ec0000)
 tenured generation   total 87424K, used 59339K [0x0fea0000, 0x15400000, 0x25400000)
   the space 87424K,  67% used [0x0fea0000, 0x13892fa8, 0x13893000, 0x15400000)
 Metaspace       used 18651K, capacity 19118K, committed 19200K, reserved 19840K
}
Event: 46097.897 GC heap before
{Heap before GC invocations=15 (full 1):
 def new generation   total 39424K, used 34005K [0x05400000, 0x07ec0000, 0x0fea0000)
  eden space 35072K,  93% used [0x05400000, 0x074148e0, 0x07640000)
  from space 4352K,  26% used [0x07640000, 0x07760e80, 0x07a80000)
  to   space 4352K,   0% used [0x07a80000, 0x07a80000, 0x07ec0000)
 tenured generation   total 87424K, used 59339K [0x0fea0000, 0x15400000, 0x25400000)
   the space 87424K,  67% used [0x0fea0000, 0x13892fa8, 0x13893000, 0x15400000)
 Metaspace       used 18652K, capacity 19118K, committed 19200K, reserved 19840K
Event: 46097.901 GC heap after
Heap after GC invocations=16 (full 1):
 def new generation   total 39424K, used 1322K [0x05400000, 0x07ec0000, 0x0fea0000)
  eden space 35072K,   0% used [0x05400000, 0x05400000, 0x07640000)
  from space 4352K,  30% used [0x07a80000, 0x07bca968, 0x07ec0000)
  to   space 4352K,   0% used [0x07640000, 0x07640000, 0x07a80000)
 tenured generation   total 87424K, used 59339K [0x0fea0000, 0x15400000, 0x25400000)
   the space 87424K,  67% used [0x0fea0000, 0x13892fa8, 0x13893000, 0x15400000)
 Metaspace       used 18652K, capacity 19118K, committed 19200K, reserved 19840K
}

